=====================================
LOG_FILE_OPEN
=====================================

=====================================
ALLOCATION
Memory:       0x0x14f009200
Number:       1257
Element size: 1
=====================================

=====================================
ALLOCATION
Memory:       0x0x14e704200
Number:       64
Element size: 8
=====================================

=====================================
ALLOCATION
Memory:       0x0x14e704400
Number:       296
Element size: 1
=====================================

=====================================
FREE
Memory:       0x0x14f009200
=====================================

=====================================
FREE
Memory:       0x0x14e704200
=====================================

=====================================
FREE
Memory:       0x0x14e704400
=====================================

=====================================
LOG_FILE_CLOSE
=====================================

